<?xml version="1.0" encoding="UTF-8"?>
<!-- Generated by org.testng.reporters.JUnitReportReporter -->
<testsuite skipped="0" hostname="DESKTOP-6AQ5FJ8" name="One" tests="1" failures="0" timestamp="29 May 2018 18:03:38 GMT" time="127.378" errors="0">
  <testcase name="test" time="127.378" classname="One"/>
</testsuite> <!-- One -->
